<?xml version="1.0" encoding="UTF-8"?>
<!-- Generated by org.testng.reporters.JUnitReportReporter -->
<testsuite hostname="Yash-Laptop" failures="0" tests="2" name="com.qa.selenium.tests.LoginPageTest" time="5.964" errors="0" timestamp="31 Jan. 2023 23:11:46 GMT" skipped="0">
  <testcase classname="com.qa.selenium.tests.LoginPageTest" name="loginTestSucess" time="3.148"/>
  <testcase classname="com.qa.selenium.tests.LoginPageTest" name="loginTestFailure" time="2.816"/>
</testsuite> <!-- com.qa.selenium.tests.LoginPageTest -->
