<?xml version="1.0" encoding="UTF-8"?>
<!-- Generated by org.testng.reporters.JUnitReportReporter -->
<testsuite hostname="Yash-Laptop" failures="0" tests="1" name="com.qa.selenium.tests.NotificationMessagePageTest" time="1.850" errors="0" timestamp="31 Jan. 2023 23:11:46 GMT" skipped="0">
  <testcase classname="com.qa.selenium.tests.NotificationMessagePageTest" name="notification" time="1.850"/>
</testsuite> <!-- com.qa.selenium.tests.NotificationMessagePageTest -->
