<?xml version="1.0" encoding="UTF-8"?>
<!-- Generated by org.testng.reporters.JUnitReportReporter -->
<testsuite hostname="Yash-Laptop" failures="0" tests="3" name="com.qa.selenium.tests.JavascriptAlertPageTest" time="23.949" errors="0" timestamp="31 Jan. 2023 23:11:46 GMT" skipped="0">
  <testcase classname="com.qa.selenium.tests.JavascriptAlertPageTest" name="JSAlert" time="2.498"/>
  <testcase classname="com.qa.selenium.tests.JavascriptAlertPageTest" name="JSConfirm" time="18.903"/>
  <testcase classname="com.qa.selenium.tests.JavascriptAlertPageTest" name="JSPrompt" time="2.548"/>
</testsuite> <!-- com.qa.selenium.tests.JavascriptAlertPageTest -->
