<?xml version="1.0" encoding="UTF-8"?>
<!-- Generated by org.testng.reporters.JUnitReportReporter -->
<testsuite hostname="Yash-Laptop" failures="0" tests="1" name="com.qa.selenium.tests.FileDownloadPageTest" time="5.445" errors="0" timestamp="03 Feb. 2023 00:37:12 GMT" skipped="0">
  <testcase classname="com.qa.selenium.tests.FileDownloadPageTest" name="checkDownloadTest" time="5.445"/>
</testsuite> <!-- com.qa.selenium.tests.FileDownloadPageTest -->
