<?xml version="1.0" encoding="UTF-8"?>
<!-- Generated by org.testng.reporters.JUnitReportReporter -->
<testsuite hostname="Yash-Laptop" failures="0" tests="3" name="com.qa.selenium.tests.DynamicContentPageTest" time="5.192" errors="0" timestamp="31 Jan. 2023 23:11:46 GMT" skipped="0">
  <testcase classname="com.qa.selenium.tests.DynamicContentPageTest" name="firstBoxTest" time="1.823"/>
  <testcase classname="com.qa.selenium.tests.DynamicContentPageTest" name="secondBoxTest" time="1.664"/>
  <testcase classname="com.qa.selenium.tests.DynamicContentPageTest" name="thirdBoxTest" time="1.705"/>
</testsuite> <!-- com.qa.selenium.tests.DynamicContentPageTest -->
