<?xml version="1.0" encoding="UTF-8"?>
<!-- Generated by org.testng.reporters.JUnitReportReporter -->
<testsuite hostname="Yash-Laptop" failures="0" tests="2" name="com.qa.selenium.tests.DropdownPageTest" time="7.575" errors="0" timestamp="31 Jan. 2023 23:11:46 GMT" skipped="0">
  <testcase classname="com.qa.selenium.tests.DropdownPageTest" name="option1Test" time="3.747"/>
  <testcase classname="com.qa.selenium.tests.DropdownPageTest" name="option2Test" time="3.828"/>
</testsuite> <!-- com.qa.selenium.tests.DropdownPageTest -->
