<?xml version="1.0" encoding="UTF-8"?>
<!-- Generated by org.testng.reporters.JUnitReportReporter -->
<testsuite hostname="Yash-Laptop" failures="0" tests="1" name="com.qa.selenium.tests.FileUploadPageTest" time="2.904" errors="0" timestamp="03 Feb. 2023 01:23:32 GMT" skipped="0">
  <testcase classname="com.qa.selenium.tests.FileUploadPageTest" name="performeUpload" time="2.904"/>
</testsuite> <!-- com.qa.selenium.tests.FileUploadPageTest -->
