<?xml version="1.0" encoding="UTF-8"?>
<!-- Generated by org.testng.reporters.JUnitReportReporter -->
<testsuite hostname="Yash-Laptop" failures="0" tests="3" name="com.qa.selenium.tests.MouseHoverPageTest" time="12.845" errors="0" timestamp="31 Jan. 2023 23:11:46 GMT" skipped="0">
  <testcase classname="com.qa.selenium.tests.MouseHoverPageTest" name="firstImgTest" time="3.696"/>
  <testcase classname="com.qa.selenium.tests.MouseHoverPageTest" name="secondImgTest" time="4.666"/>
  <testcase classname="com.qa.selenium.tests.MouseHoverPageTest" name="thirdtImgTest" time="4.483"/>
</testsuite> <!-- com.qa.selenium.tests.MouseHoverPageTest -->
