<?xml version="1.0" encoding="UTF-8"?>
<!-- Generated by org.testng.reporters.JUnitReportReporter -->
<testsuite hostname="Yash-Laptop" failures="0" tests="2" name="com.qa.selenium.tests.DynamicControlPageTest" time="21.126" errors="0" timestamp="31 Jan. 2023 23:11:46 GMT" skipped="0">
  <testcase classname="com.qa.selenium.tests.DynamicControlPageTest" name="removeAddTest" time="13.242"/>
  <testcase classname="com.qa.selenium.tests.DynamicControlPageTest" name="enableDisableTest" time="7.884"/>
</testsuite> <!-- com.qa.selenium.tests.DynamicControlPageTest -->
